FacebookLess/unityLibrary/build/intermediates/manifest_merge_blame_file/debug/manifest-merger-blame-debug-report.txt
1<?xml version="1.0" encoding="utf-8"?>
2<manifest xmlns:android="http://schemas.android.com/apk/res/android"
3    package="com.unity3d.player"
4    android:installLocation="preferExternal"
5    android:versionCode="1"
6    android:versionName="0.1" >
7
8    <uses-sdk
9        android:minSdkVersion="24"
9-->src\main\AndroidManifest.xml
10        android:targetSdkVersion="28" />
10-->src\main\AndroidManifest.xml
11
12    <supports-screens
12-->src\main\AndroidManifest.xml:3:3-163
13        android:anyDensity="true"
13-->src\main\AndroidManifest.xml:3:135-160
14        android:largeScreens="true"
14-->src\main\AndroidManifest.xml:3:78-105
15        android:normalScreens="true"
15-->src\main\AndroidManifest.xml:3:49-77
16        android:smallScreens="true"
16-->src\main\AndroidManifest.xml:3:21-48
17        android:xlargeScreens="true" />
17-->src\main\AndroidManifest.xml:3:106-134
18
19    <uses-feature android:glEsVersion="0x00030000" />
19-->src\main\AndroidManifest.xml:30:3-52
19-->src\main\AndroidManifest.xml:30:17-49
20    <uses-feature
20-->src\main\AndroidManifest.xml:31:3-91
21        android:name="android.hardware.vulkan.version"
21-->src\main\AndroidManifest.xml:31:17-63
22        android:required="false" />
22-->src\main\AndroidManifest.xml:31:64-88
23
24    <uses-permission android:name="android.permission.INTERNET" />
24-->src\main\AndroidManifest.xml:32:3-65
24-->src\main\AndroidManifest.xml:32:20-62
25    <uses-permission android:name="android.permission.ACCESS_FINE_LOCATION" />
25-->src\main\AndroidManifest.xml:33:3-77
25-->src\main\AndroidManifest.xml:33:20-74
26
27    <uses-feature
27-->src\main\AndroidManifest.xml:34:3-89
28        android:name="android.hardware.location.gps"
28-->src\main\AndroidManifest.xml:34:17-61
29        android:required="false" />
29-->src\main\AndroidManifest.xml:34:62-86
30    <uses-feature
30-->src\main\AndroidManifest.xml:35:3-85
31        android:name="android.hardware.location"
31-->src\main\AndroidManifest.xml:35:17-57
32        android:required="false" />
32-->src\main\AndroidManifest.xml:35:58-82
33    <uses-feature
33-->src\main\AndroidManifest.xml:36:3-88
34        android:name="android.hardware.touchscreen"
34-->src\main\AndroidManifest.xml:36:17-60
35        android:required="false" />
35-->src\main\AndroidManifest.xml:36:61-85
36    <uses-feature
36-->src\main\AndroidManifest.xml:37:3-99
37        android:name="android.hardware.touchscreen.multitouch"
37-->src\main\AndroidManifest.xml:37:17-71
38        android:required="false" />
38-->src\main\AndroidManifest.xml:37:72-96
39    <uses-feature
39-->src\main\AndroidManifest.xml:38:3-108
40        android:name="android.hardware.touchscreen.multitouch.distinct"
40-->src\main\AndroidManifest.xml:38:17-80
41        android:required="false" />
41-->src\main\AndroidManifest.xml:38:81-105
42
43    <application
43-->src\main\AndroidManifest.xml:4:3-29:17
44        android:debuggable="true"
44-->src\main\AndroidManifest.xml:4:108-133
45        android:icon="@mipmap/app_icon"
45-->src\main\AndroidManifest.xml:4:134-165
46        android:label="@string/app_name"
46-->src\main\AndroidManifest.xml:4:75-107
47        android:theme="@android:style/Theme.NoTitleBar.Fullscreen" >
47-->src\main\AndroidManifest.xml:4:16-74
48        <activity
48-->src\main\AndroidManifest.xml:5:5-12:16
49            android:name="com.unity3d.player.UnityPlayerActivity"
49-->src\main\AndroidManifest.xml:5:15-68
50            android:configChanges="mcc|mnc|locale|touchscreen|keyboard|keyboardHidden|navigation|orientation|screenLayout|uiMode|screenSize|smallestScreenSize|fontScale|layoutDirection|density"
50-->src\main\AndroidManifest.xml:5:171-352
51            android:hardwareAccelerated="false"
51-->src\main\AndroidManifest.xml:5:353-388
52            android:label="@string/app_name"
52-->src\main\AndroidManifest.xml:5:69-101
53            android:launchMode="singleTask"
53-->src\main\AndroidManifest.xml:5:139-170
54            android:screenOrientation="portrait" >
54-->src\main\AndroidManifest.xml:5:102-138
55            <intent-filter>
55-->src\main\AndroidManifest.xml:6:7-9:23
56                <action android:name="android.intent.action.MAIN" />
56-->src\main\AndroidManifest.xml:7:9-61
56-->src\main\AndroidManifest.xml:7:17-58
57
58                <category android:name="android.intent.category.LAUNCHER" />
58-->src\main\AndroidManifest.xml:8:9-69
58-->src\main\AndroidManifest.xml:8:19-66
59            </intent-filter>
60
61            <meta-data
61-->src\main\AndroidManifest.xml:10:7-82
62                android:name="unityplayer.UnityActivity"
62-->src\main\AndroidManifest.xml:10:18-58
63                android:value="true" />
63-->src\main\AndroidManifest.xml:10:59-79
64            <meta-data
64-->src\main\AndroidManifest.xml:11:7-78
65                android:name="android.notch_support"
65-->src\main\AndroidManifest.xml:11:18-54
66                android:value="true" />
66-->src\main\AndroidManifest.xml:11:55-75
67        </activity>
68        <activity
68-->src\main\AndroidManifest.xml:13:5-301
69            android:name="com.facebook.unity.FBUnityLoginActivity"
69-->src\main\AndroidManifest.xml:13:15-69
70            android:configChanges="fontScale|keyboard|keyboardHidden|locale|mnc|mcc|navigation|orientation|screenLayout|screenSize|smallestScreenSize|uiMode|touchscreen"
70-->src\main\AndroidManifest.xml:13:70-227
71            android:theme="@android:style/Theme.Translucent.NoTitleBar.Fullscreen" />
71-->src\main\AndroidManifest.xml:13:228-298
72        <activity
72-->src\main\AndroidManifest.xml:14:5-303
73            android:name="com.facebook.unity.FBUnityDialogsActivity"
73-->src\main\AndroidManifest.xml:14:15-71
74            android:configChanges="fontScale|keyboard|keyboardHidden|locale|mnc|mcc|navigation|orientation|screenLayout|screenSize|smallestScreenSize|uiMode|touchscreen"
74-->src\main\AndroidManifest.xml:14:72-229
75            android:theme="@android:style/Theme.Translucent.NoTitleBar.Fullscreen" />
75-->src\main\AndroidManifest.xml:14:230-300
76        <activity
76-->src\main\AndroidManifest.xml:15:5-322
77            android:name="com.facebook.unity.FBUnityGamingServicesFriendFinderActivity"
77-->src\main\AndroidManifest.xml:15:15-90
78            android:configChanges="fontScale|keyboard|keyboardHidden|locale|mnc|mcc|navigation|orientation|screenLayout|screenSize|smallestScreenSize|uiMode|touchscreen"
78-->src\main\AndroidManifest.xml:15:91-248
79            android:theme="@android:style/Theme.Translucent.NoTitleBar.Fullscreen" />
79-->src\main\AndroidManifest.xml:15:249-319
80        <activity
80-->src\main\AndroidManifest.xml:16:5-98
81            android:name="com.facebook.unity.FBUnityAppLinkActivity"
81-->src\main\AndroidManifest.xml:16:15-71
82            android:exported="true" />
82-->src\main\AndroidManifest.xml:16:72-95
83        <activity
83-->src\main\AndroidManifest.xml:17:5-102
84            android:name="com.facebook.unity.FBUnityDeepLinkingActivity"
84-->src\main\AndroidManifest.xml:17:15-75
85            android:exported="true" />
85-->src\main\AndroidManifest.xml:17:76-99
86        <activity android:name="com.facebook.unity.FBUnityGameRequestActivity" />
86-->src\main\AndroidManifest.xml:18:5-78
86-->src\main\AndroidManifest.xml:18:15-75
87        <activity android:name="com.facebook.unity.FBUnityCreateGameGroupActivity" />
87-->src\main\AndroidManifest.xml:19:5-82
87-->src\main\AndroidManifest.xml:19:15-79
88        <activity android:name="com.facebook.unity.FBUnityJoinGameGroupActivity" />
88-->src\main\AndroidManifest.xml:20:5-80
88-->src\main\AndroidManifest.xml:20:15-77
89
90        <meta-data
90-->src\main\AndroidManifest.xml:21:5-98
91            android:name="com.facebook.sdk.ApplicationId"
91-->src\main\AndroidManifest.xml:21:16-61
92            android:value="fb216377300232034" />
92-->src\main\AndroidManifest.xml:21:62-95
93        <meta-data
93-->src\main\AndroidManifest.xml:22:5-95
94            android:name="com.facebook.sdk.AutoLogAppEventsEnabled"
94-->src\main\AndroidManifest.xml:22:16-71
95            android:value="true" />
95-->src\main\AndroidManifest.xml:22:72-92
96        <meta-data
96-->src\main\AndroidManifest.xml:23:5-101
97            android:name="com.facebook.sdk.AdvertiserIDCollectionEnabled"
97-->src\main\AndroidManifest.xml:23:16-77
98            android:value="true" />
98-->src\main\AndroidManifest.xml:23:78-98
99
100        <provider
100-->src\main\AndroidManifest.xml:24:5-171
101            android:name="com.facebook.FacebookContentProvider"
101-->src\main\AndroidManifest.xml:24:15-66
102            android:authorities="com.facebook.app.FacebookContentProvider216377300232034"
102-->src\main\AndroidManifest.xml:24:67-144
103            android:exported="true" />
103-->src\main\AndroidManifest.xml:24:145-168
104
105        <meta-data
105-->src\main\AndroidManifest.xml:25:5-69
106            android:name="unity.splash-mode"
106-->src\main\AndroidManifest.xml:25:16-48
107            android:value="2" />
107-->src\main\AndroidManifest.xml:25:49-66
108        <meta-data
108-->src\main\AndroidManifest.xml:26:5-74
109            android:name="unity.splash-enable"
109-->src\main\AndroidManifest.xml:26:16-50
110            android:value="True" />
110-->src\main\AndroidManifest.xml:26:51-71
111        <meta-data
111-->src\main\AndroidManifest.xml:27:5-81
112            android:name="notch.config"
112-->src\main\AndroidManifest.xml:27:16-43
113            android:value="portrait|landscape" />
113-->src\main\AndroidManifest.xml:27:44-78
114        <meta-data
114-->src\main\AndroidManifest.xml:28:5-101
115            android:name="unity.build-id"
115-->src\main\AndroidManifest.xml:28:16-45
116            android:value="9fd04a1c-45ba-4843-a441-4ba85bf2a29f" />
116-->src\main\AndroidManifest.xml:28:46-98
117    </application>
118
119</manifest>